<?xml version="1.0" encoding="UTF-8"?>
<testsuites name="Delete addresses" time="35" tests="2" failures="0" errors="0">
   <testsuite name="Delete addresses" tests="2" failures="0" errors="0" time="35" timestamp="2018-09-25 11:52:28" hostname="WINIB-PPSA45UJK$ - WINIB-PPSA45UJK" id="Test Suites/Delete addresses">
      <properties>
         <property name="deviceName" value=""/>
         <property name="devicePlatform" value=""/>
         <property name="logFolder" value="C:\\Users\\stagiaire\\git\\katalon_exam_myFiles\\Reports\\Delete addresses\\20180925_115223"/>
         <property name="logFiles" value="C:\\Users\\stagiaire\\git\\katalon_exam_myFiles\\Reports\\Delete addresses\\20180925_115223\\execution0.log"/>
         <property name="attachments" value=""/>
         <property name="hostName" value="WINIB-PPSA45UJK$ - WINIB-PPSA45UJK"/>
         <property name="os" value="Windows 10 64bit"/>
         <property name="katalonVersion" value="5.7.1.1"/>
         <property name="browser" value="Firefox 62.0"/>
         <property name="hostAddress" value="192.168.56.1"/>
         <property name="sessionId" value="275e43be-4bb8-4c9c-99f7-3a4e8a6f9f49"/>
         <property name="seleniumVersion" value="3.7.1"/>
         <property name="proxyInformation" value="ProxyInformation{proxyOption=NO_PROXY, proxyServerType=HTTP, password=, proxyServerAddress=, proxyServerPort=0}"/>
         <property name="platform" value="Windows 10"/>
      </properties>
      <testcase name="Test Cases/Home/Delete address" classname="Test Cases/Home/Delete address" status="PASSED">
         <system-out><![CDATA[2018-09-25 11:52:29 - [TEST_CASE][PASSED] - Test Cases/Home/Delete address: Test Cases/Home/Delete address

2018-09-25 11:52:29 - [TEST_STEP][PASSED] - Statement - deleteButton = com.kms.katalon.core.webui.keyword.WebUiBuiltInKeywords.callTestCase(com.kms.katalon.core.testcase.TestCaseFactory.findTestCase(Common/FindAddress), ["myAlias":myAlias], STOP_ON_FAILURE): Call Test Case 'Test Cases/Common/FindAddress' successfully

2018-09-25 11:52:29 - [TEST_CASE][PASSED] - Test Cases/Common/FindAddress: Test Cases/Common/FindAddress

2018-09-25 11:52:29 - [TEST_STEP][PASSED] - callTestCase: Call Test Case 'Test Cases/Common/GoToUrl' successfully

2018-09-25 11:52:29 - [TEST_CASE][PASSED] - Test Cases/Common/GoToUrl: Test Cases/Common/GoToUrl

2018-09-25 11:52:29 - [TEST_STEP][PASSED] - Statement - currentUrl = "": null

2018-09-25 11:52:29 - [TEST_STEP][FAILED] - Statement - Try: Unable to get the url of the current window (Root cause: com.kms.katalon.core.webui.exception.BrowserNotOpenedException: Browser is not opened
Build info: version: '3.7.1', revision: '8a0099a', time: '2017-11-06T21:07:36.161Z'
System info: host: 'WINIB-PPSA45UJK', ip: '192.168.56.1', os.name: 'Windows 10', os.arch: 'amd64', os.version: '10.0', java.version: '1.8.0_181'
Driver info: driver.version: unknown)

2018-09-25 11:52:29 - [TEST_STEP][FAILED] - Statement - currentUrl = com.kms.katalon.core.webui.keyword.WebUiBuiltInKeywords.getUrl(): Unable to get the url of the current window (Root cause: com.kms.katalon.core.webui.exception.BrowserNotOpenedException: Browser is not opened
Build info: version: '3.7.1', revision: '8a0099a', time: '2017-11-06T21:07:36.161Z'
System info: host: 'WINIB-PPSA45UJK', ip: '192.168.56.1', os.name: 'Windows 10', os.arch: 'amd64', os.version: '10.0', java.version: '1.8.0_181'
Driver info: driver.version: unknown)

2018-09-25 11:52:30 - [MESSAGE][WARNING] - Cannot take screenshot

2018-09-25 11:52:30 - [MESSAGE][FAILED] - Unable to get the url of the current window (Root cause: com.kms.katalon.core.webui.exception.BrowserNotOpenedException: Browser is not opened
Build info: version: '3.7.1', revision: '8a0099a', time: '2017-11-06T21:07:36.161Z'
System info: host: 'WINIB-PPSA45UJK', ip: '192.168.56.1', os.name: 'Windows 10', os.arch: 'amd64', os.version: '10.0', java.version: '1.8.0_181'
Driver info: driver.version: unknown)

2018-09-25 11:52:30 - [TEST_STEP][PASSED] - Statement - Catch (com.kms.katalon.core.exception.StepFailedException e): Current window's url is: 'http://automationpractice.com/index.php?controller=authentication&back=addresses'

2018-09-25 11:52:30 - [TEST_STEP][PASSED] - openBrowser: Browser is opened with url: 'http://automationpractice.com/index.php?controller=addresses'

2018-09-25 11:52:36 - [MESSAGE][PASSED] - Browser is opened with url: 'http://automationpractice.com/index.php?controller=addresses'

2018-09-25 11:52:36 - [TEST_STEP][PASSED] - maximizeWindow: Current window maximized

2018-09-25 11:52:39 - [MESSAGE][PASSED] - Current window maximized

2018-09-25 11:52:39 - [TEST_STEP][PASSED] - Statement - currentUrl = com.kms.katalon.core.webui.keyword.WebUiBuiltInKeywords.getUrl(): Current window's url is: 'http://automationpractice.com/index.php?controller=authentication&back=addresses'

2018-09-25 11:52:39 - [MESSAGE][PASSED] - Current window's url is: 'http://automationpractice.com/index.php?controller=authentication&back=addresses'

2018-09-25 11:52:39 - [TEST_STEP][PASSED] - Statement - If (!(currentUrl.equals(url))): Wait for page load successfully

2018-09-25 11:52:39 - [TEST_STEP][PASSED] - navigateToUrl: Navigate to 'http://automationpractice.com/index.php?controller=addresses' successfully

2018-09-25 11:52:40 - [MESSAGE][PASSED] - Navigate to 'http://automationpractice.com/index.php?controller=addresses' successfully

2018-09-25 11:52:40 - [TEST_STEP][PASSED] - waitForPageLoad: Wait for page load successfully

2018-09-25 11:52:40 - [MESSAGE][PASSED] - Wait for page load successfully

2018-09-25 11:52:40 - [TEST_STEP][PASSED] - Statement - Try: Wait for page load successfully

2018-09-25 11:52:40 - [TEST_STEP][PASSED] - verifyTextPresent: Text 'Sign in' is present on page 

2018-09-25 11:52:41 - [MESSAGE][PASSED] - Text 'Sign in' is present on page 

2018-09-25 11:52:41 - [TEST_STEP][PASSED] - click: Object: 'Object Repository/Login/a_Sign in' is clicked on

2018-09-25 11:52:42 - [MESSAGE][PASSED] - Object: 'Object Repository/Login/a_Sign in' is clicked on

2018-09-25 11:52:42 - [TEST_STEP][PASSED] - setText: Text 'bilbo.baggins@middleearth.com' is set on object 'Object Repository/Login/input_email'

2018-09-25 11:52:42 - [MESSAGE][PASSED] - Text 'bilbo.baggins@middleearth.com' is set on object 'Object Repository/Login/input_email'

2018-09-25 11:52:42 - [TEST_STEP][PASSED] - setText: Text 'youshallnotpass' is set on object 'Object Repository/Login/input_passwd'

2018-09-25 11:52:42 - [MESSAGE][PASSED] - Text 'youshallnotpass' is set on object 'Object Repository/Login/input_passwd'

2018-09-25 11:52:42 - [TEST_STEP][PASSED] - click: Object: 'Object Repository/Login/span_Sign in' is clicked on

2018-09-25 11:52:43 - [MESSAGE][PASSED] - Object: 'Object Repository/Login/span_Sign in' is clicked on

2018-09-25 11:52:43 - [TEST_STEP][PASSED] - navigateToUrl: Navigate to 'http://automationpractice.com/index.php?controller=addresses' successfully

2018-09-25 11:52:44 - [MESSAGE][PASSED] - Navigate to 'http://automationpractice.com/index.php?controller=addresses' successfully

2018-09-25 11:52:44 - [TEST_STEP][PASSED] - waitForPageLoad: Wait for page load successfully

2018-09-25 11:52:44 - [MESSAGE][PASSED] - Wait for page load successfully

2018-09-25 11:52:44 - [TEST_STEP][PASSED] - verifyTextPresent: Text 'Sign out' is present on page 

2018-09-25 11:52:44 - [MESSAGE][PASSED] - Text 'Sign out' is present on page 

2018-09-25 11:52:44 - [MESSAGE][PASSED] - Call Test Case 'Test Cases/Common/GoToUrl' successfully

2018-09-25 11:52:44 - [TEST_STEP][PASSED] - Statement - deleteButton = com.kms.katalon.core.webui.keyword.WebUiBuiltInKeywords.modifyObjectProperty(com.kms.katalon.core.testobject.ObjectRepository.findTestObject(Object Repository/Page_Addresses - My Store/span_Delete), "xpath", "equals", "//a[@title='Delete' and ../../li[1]/h3/text()='" + myAlias + "']", true): Modify property of object successfully

2018-09-25 11:52:44 - [MESSAGE][PASSED] - Modify property of object successfully

2018-09-25 11:52:44 - [TEST_STEP][PASSED] - Statement - If (com.kms.katalon.core.webui.keyword.WebUiBuiltInKeywords.waitForElementPresent(deleteButton, 2)): null

2018-09-25 11:52:44 - [MESSAGE][PASSED] - Object 'Object Repository/Page_Addresses - My Store/span_Delete' is present

2018-09-25 11:52:44 - [TEST_STEP][PASSED] - Statement - return deleteButton: null

2018-09-25 11:52:44 - [MESSAGE][PASSED] - Call Test Case 'Test Cases/Common/FindAddress' successfully

2018-09-25 11:52:44 - [TEST_STEP][PASSED] - Statement - If (deleteButton): Wait for page load successfully

2018-09-25 11:52:44 - [TEST_STEP][PASSED] - click: Object: 'Object Repository/Page_Addresses - My Store/span_Delete' is clicked on

2018-09-25 11:52:44 - [MESSAGE][PASSED] - Object: 'Object Repository/Page_Addresses - My Store/span_Delete' is clicked on

2018-09-25 11:52:44 - [TEST_STEP][PASSED] - waitForAlert: Alert is present after 1 second(s).

2018-09-25 11:52:44 - [MESSAGE][PASSED] - Alert is present after 1 second(s).

2018-09-25 11:52:44 - [TEST_STEP][PASSED] - acceptAlert: Alert accepted

2018-09-25 11:52:44 - [MESSAGE][PASSED] - Alert accepted

2018-09-25 11:52:44 - [TEST_STEP][PASSED] - waitForPageLoad: Wait for page load successfully

2018-09-25 11:52:44 - [MESSAGE][PASSED] - Wait for page load successfully

2018-09-25 11:52:44 - [TEST_STEP][PASSED] - closeBrowser: Browser is closed

2018-09-25 11:52:44 - [MESSAGE][PASSED] - Browser is closed]]></system-out>
         <system-err><![CDATA[]]></system-err>
      </testcase>
      <testcase name="Test Cases/Home/Delete address" classname="Test Cases/Home/Delete address" status="PASSED">
         <system-out><![CDATA[2018-09-25 11:52:46 - [TEST_CASE][PASSED] - Test Cases/Home/Delete address: Test Cases/Home/Delete address

2018-09-25 11:52:46 - [TEST_STEP][PASSED] - Statement - deleteButton = com.kms.katalon.core.webui.keyword.WebUiBuiltInKeywords.callTestCase(com.kms.katalon.core.testcase.TestCaseFactory.findTestCase(Common/FindAddress), ["myAlias":myAlias], STOP_ON_FAILURE): Call Test Case 'Test Cases/Common/FindAddress' successfully

2018-09-25 11:52:47 - [TEST_CASE][PASSED] - Test Cases/Common/FindAddress: Test Cases/Common/FindAddress

2018-09-25 11:52:47 - [TEST_STEP][PASSED] - callTestCase: Call Test Case 'Test Cases/Common/GoToUrl' successfully

2018-09-25 11:52:47 - [TEST_CASE][PASSED] - Test Cases/Common/GoToUrl: Test Cases/Common/GoToUrl

2018-09-25 11:52:47 - [TEST_STEP][PASSED] - Statement - currentUrl = "": null

2018-09-25 11:52:47 - [TEST_STEP][FAILED] - Statement - Try: Unable to get the url of the current window (Root cause: com.kms.katalon.core.webui.exception.BrowserNotOpenedException: Browser is not opened
Build info: version: '3.7.1', revision: '8a0099a', time: '2017-11-06T21:07:36.161Z'
System info: host: 'WINIB-PPSA45UJK', ip: '192.168.56.1', os.name: 'Windows 10', os.arch: 'amd64', os.version: '10.0', java.version: '1.8.0_181'
Driver info: driver.version: unknown)

2018-09-25 11:52:47 - [TEST_STEP][FAILED] - Statement - currentUrl = com.kms.katalon.core.webui.keyword.WebUiBuiltInKeywords.getUrl(): Unable to get the url of the current window (Root cause: com.kms.katalon.core.webui.exception.BrowserNotOpenedException: Browser is not opened
Build info: version: '3.7.1', revision: '8a0099a', time: '2017-11-06T21:07:36.161Z'
System info: host: 'WINIB-PPSA45UJK', ip: '192.168.56.1', os.name: 'Windows 10', os.arch: 'amd64', os.version: '10.0', java.version: '1.8.0_181'
Driver info: driver.version: unknown)

2018-09-25 11:52:47 - [MESSAGE][WARNING] - Cannot take screenshot

2018-09-25 11:52:47 - [MESSAGE][FAILED] - Unable to get the url of the current window (Root cause: com.kms.katalon.core.webui.exception.BrowserNotOpenedException: Browser is not opened
Build info: version: '3.7.1', revision: '8a0099a', time: '2017-11-06T21:07:36.161Z'
System info: host: 'WINIB-PPSA45UJK', ip: '192.168.56.1', os.name: 'Windows 10', os.arch: 'amd64', os.version: '10.0', java.version: '1.8.0_181'
Driver info: driver.version: unknown)

2018-09-25 11:52:47 - [TEST_STEP][PASSED] - Statement - Catch (com.kms.katalon.core.exception.StepFailedException e): Current window's url is: 'http://automationpractice.com/index.php?controller=authentication&back=addresses'

2018-09-25 11:52:47 - [TEST_STEP][PASSED] - openBrowser: Browser is opened with url: 'http://automationpractice.com/index.php?controller=addresses'

2018-09-25 11:52:52 - [MESSAGE][PASSED] - Browser is opened with url: 'http://automationpractice.com/index.php?controller=addresses'

2018-09-25 11:52:52 - [TEST_STEP][PASSED] - maximizeWindow: Current window maximized

2018-09-25 11:52:56 - [MESSAGE][PASSED] - Current window maximized

2018-09-25 11:52:56 - [TEST_STEP][PASSED] - Statement - currentUrl = com.kms.katalon.core.webui.keyword.WebUiBuiltInKeywords.getUrl(): Current window's url is: 'http://automationpractice.com/index.php?controller=authentication&back=addresses'

2018-09-25 11:52:56 - [MESSAGE][PASSED] - Current window's url is: 'http://automationpractice.com/index.php?controller=authentication&back=addresses'

2018-09-25 11:52:56 - [TEST_STEP][PASSED] - Statement - If (!(currentUrl.equals(url))): Wait for page load successfully

2018-09-25 11:52:56 - [TEST_STEP][PASSED] - navigateToUrl: Navigate to 'http://automationpractice.com/index.php?controller=addresses' successfully

2018-09-25 11:52:57 - [MESSAGE][PASSED] - Navigate to 'http://automationpractice.com/index.php?controller=addresses' successfully

2018-09-25 11:52:57 - [TEST_STEP][PASSED] - waitForPageLoad: Wait for page load successfully

2018-09-25 11:52:57 - [MESSAGE][PASSED] - Wait for page load successfully

2018-09-25 11:52:57 - [TEST_STEP][PASSED] - Statement - Try: Wait for page load successfully

2018-09-25 11:52:57 - [TEST_STEP][PASSED] - verifyTextPresent: Text 'Sign in' is present on page 

2018-09-25 11:52:57 - [MESSAGE][PASSED] - Text 'Sign in' is present on page 

2018-09-25 11:52:57 - [TEST_STEP][PASSED] - click: Object: 'Object Repository/Login/a_Sign in' is clicked on

2018-09-25 11:52:58 - [MESSAGE][PASSED] - Object: 'Object Repository/Login/a_Sign in' is clicked on

2018-09-25 11:52:58 - [TEST_STEP][PASSED] - setText: Text 'bilbo.baggins@middleearth.com' is set on object 'Object Repository/Login/input_email'

2018-09-25 11:52:59 - [MESSAGE][PASSED] - Text 'bilbo.baggins@middleearth.com' is set on object 'Object Repository/Login/input_email'

2018-09-25 11:52:59 - [TEST_STEP][PASSED] - setText: Text 'youshallnotpass' is set on object 'Object Repository/Login/input_passwd'

2018-09-25 11:52:59 - [MESSAGE][PASSED] - Text 'youshallnotpass' is set on object 'Object Repository/Login/input_passwd'

2018-09-25 11:52:59 - [TEST_STEP][PASSED] - click: Object: 'Object Repository/Login/span_Sign in' is clicked on

2018-09-25 11:53:00 - [MESSAGE][PASSED] - Object: 'Object Repository/Login/span_Sign in' is clicked on

2018-09-25 11:53:00 - [TEST_STEP][PASSED] - navigateToUrl: Navigate to 'http://automationpractice.com/index.php?controller=addresses' successfully

2018-09-25 11:53:01 - [MESSAGE][PASSED] - Navigate to 'http://automationpractice.com/index.php?controller=addresses' successfully

2018-09-25 11:53:01 - [TEST_STEP][PASSED] - waitForPageLoad: Wait for page load successfully

2018-09-25 11:53:01 - [MESSAGE][PASSED] - Wait for page load successfully

2018-09-25 11:53:01 - [TEST_STEP][PASSED] - verifyTextPresent: Text 'Sign out' is present on page 

2018-09-25 11:53:02 - [MESSAGE][PASSED] - Text 'Sign out' is present on page 

2018-09-25 11:53:02 - [MESSAGE][PASSED] - Call Test Case 'Test Cases/Common/GoToUrl' successfully

2018-09-25 11:53:02 - [TEST_STEP][PASSED] - Statement - deleteButton = com.kms.katalon.core.webui.keyword.WebUiBuiltInKeywords.modifyObjectProperty(com.kms.katalon.core.testobject.ObjectRepository.findTestObject(Object Repository/Page_Addresses - My Store/span_Delete), "xpath", "equals", "//a[@title='Delete' and ../../li[1]/h3/text()='" + myAlias + "']", true): Modify property of object successfully

2018-09-25 11:53:02 - [MESSAGE][PASSED] - Modify property of object successfully

2018-09-25 11:53:02 - [TEST_STEP][PASSED] - Statement - If (com.kms.katalon.core.webui.keyword.WebUiBuiltInKeywords.waitForElementPresent(deleteButton, 2)): null

2018-09-25 11:53:02 - [MESSAGE][PASSED] - Object 'Object Repository/Page_Addresses - My Store/span_Delete' is present

2018-09-25 11:53:02 - [TEST_STEP][PASSED] - Statement - return deleteButton: null

2018-09-25 11:53:02 - [MESSAGE][PASSED] - Call Test Case 'Test Cases/Common/FindAddress' successfully

2018-09-25 11:53:02 - [TEST_STEP][PASSED] - Statement - If (deleteButton): Wait for page load successfully

2018-09-25 11:53:02 - [TEST_STEP][PASSED] - click: Object: 'Object Repository/Page_Addresses - My Store/span_Delete' is clicked on

2018-09-25 11:53:02 - [MESSAGE][PASSED] - Object: 'Object Repository/Page_Addresses - My Store/span_Delete' is clicked on

2018-09-25 11:53:02 - [TEST_STEP][PASSED] - waitForAlert: Alert is present after 1 second(s).

2018-09-25 11:53:02 - [MESSAGE][PASSED] - Alert is present after 1 second(s).

2018-09-25 11:53:02 - [TEST_STEP][PASSED] - acceptAlert: Alert accepted

2018-09-25 11:53:02 - [MESSAGE][PASSED] - Alert accepted

2018-09-25 11:53:02 - [TEST_STEP][PASSED] - waitForPageLoad: Wait for page load successfully

2018-09-25 11:53:02 - [MESSAGE][PASSED] - Wait for page load successfully

2018-09-25 11:53:02 - [TEST_STEP][PASSED] - closeBrowser: Browser is closed

2018-09-25 11:53:02 - [MESSAGE][PASSED] - Browser is closed]]></system-out>
         <system-err><![CDATA[]]></system-err>
      </testcase>
      <system-out><![CDATA[2018-09-25 11:52:28 - [TEST_SUITE][PASSED] - Delete addresses: Test Cases/Home/Delete address]]></system-out>
      <system-err><![CDATA[]]></system-err>
   </testsuite>
</testsuites>
