<?xml version="1.0" encoding="UTF-8"?>
<testsuites name="Add addresses" time="38" tests="1" failures="1" errors="0">
   <testsuite name="Add addresses" tests="1" failures="1" errors="0" time="38" timestamp="2018-09-25 10:05:33" hostname="WINIB-PPSA45UJK$ - WINIB-PPSA45UJK" id="Test Suites/Add addresses">
      <properties>
         <property name="deviceName" value=""/>
         <property name="devicePlatform" value=""/>
         <property name="logFolder" value="C:\\Users\\stagiaire\\git\\katalon_exam_myFiles\\Reports\\Add addresses\\20180925_100528"/>
         <property name="logFiles" value="C:\\Users\\stagiaire\\git\\katalon_exam_myFiles\\Reports\\Add addresses\\20180925_100528\\execution0.log"/>
         <property name="attachments" value="C:\\Users\\stagiaire\\git\\katalon_exam_myFiles\\Reports\\Add addresses\\20180925_100528\\1537862769596.png"/>
         <property name="hostName" value="WINIB-PPSA45UJK$ - WINIB-PPSA45UJK"/>
         <property name="os" value="Windows 10 64bit"/>
         <property name="katalonVersion" value="5.7.1.1"/>
         <property name="browser" value="Chrome 69.0.3497.100"/>
         <property name="hostAddress" value="192.168.56.1"/>
         <property name="sessionId" value="19872c5fc9c7a80eae7bda21ed25ad0c"/>
         <property name="seleniumVersion" value="3.7.1"/>
         <property name="proxyInformation" value="ProxyInformation{proxyOption=NO_PROXY, proxyServerType=HTTP, password=, proxyServerAddress=, proxyServerPort=0}"/>
         <property name="platform" value="Windows 10"/>
      </properties>
      <testcase name="Test Cases/Home/Add address" classname="Test Cases/Home/Add address" status="PASSED">
         <system-out><![CDATA[2018-09-25 10:05:34 - [TEST_CASE][PASSED] - Test Cases/Home/Add address: Test Cases/Home/Add address

2018-09-25 10:05:34 - [TEST_STEP][PASSED] - Statement - alias_exists = false: null

2018-09-25 10:05:34 - [TEST_STEP][PASSED] - callTestCase: Call Test Case 'Test Cases/Common/GoToUrl' successfully

2018-09-25 10:05:34 - [TEST_CASE][PASSED] - Test Cases/Common/GoToUrl: Test Cases/Common/GoToUrl

2018-09-25 10:05:34 - [TEST_STEP][PASSED] - Statement - currentUrl = "": null

2018-09-25 10:05:34 - [TEST_STEP][FAILED] - Statement - Try: Unable to get the url of the current window (Root cause: com.kms.katalon.core.webui.exception.BrowserNotOpenedException: Browser is not opened
Build info: version: '3.7.1', revision: '8a0099a', time: '2017-11-06T21:07:36.161Z'
System info: host: 'WINIB-PPSA45UJK', ip: '192.168.56.1', os.name: 'Windows 10', os.arch: 'amd64', os.version: '10.0', java.version: '1.8.0_181'
Driver info: driver.version: unknown)

2018-09-25 10:05:34 - [TEST_STEP][FAILED] - Statement - currentUrl = com.kms.katalon.core.webui.keyword.WebUiBuiltInKeywords.getUrl(): Unable to get the url of the current window (Root cause: com.kms.katalon.core.webui.exception.BrowserNotOpenedException: Browser is not opened
Build info: version: '3.7.1', revision: '8a0099a', time: '2017-11-06T21:07:36.161Z'
System info: host: 'WINIB-PPSA45UJK', ip: '192.168.56.1', os.name: 'Windows 10', os.arch: 'amd64', os.version: '10.0', java.version: '1.8.0_181'
Driver info: driver.version: unknown)

2018-09-25 10:05:34 - [MESSAGE][WARNING] - Cannot take screenshot

2018-09-25 10:05:34 - [MESSAGE][FAILED] - Unable to get the url of the current window (Root cause: com.kms.katalon.core.webui.exception.BrowserNotOpenedException: Browser is not opened
Build info: version: '3.7.1', revision: '8a0099a', time: '2017-11-06T21:07:36.161Z'
System info: host: 'WINIB-PPSA45UJK', ip: '192.168.56.1', os.name: 'Windows 10', os.arch: 'amd64', os.version: '10.0', java.version: '1.8.0_181'
Driver info: driver.version: unknown)

2018-09-25 10:05:34 - [TEST_STEP][PASSED] - Statement - Catch (com.kms.katalon.core.exception.StepFailedException e): Current window's url is: 'http://automationpractice.com/index.php?controller=authentication&back=addresses'

2018-09-25 10:05:34 - [TEST_STEP][PASSED] - openBrowser: Browser is opened with url: 'http://automationpractice.com/index.php?controller=addresses'

2018-09-25 10:05:40 - [MESSAGE][PASSED] - Browser is opened with url: 'http://automationpractice.com/index.php?controller=addresses'

2018-09-25 10:05:40 - [TEST_STEP][PASSED] - maximizeWindow: Current window maximized

2018-09-25 10:05:41 - [MESSAGE][PASSED] - Current window maximized

2018-09-25 10:05:41 - [TEST_STEP][PASSED] - Statement - currentUrl = com.kms.katalon.core.webui.keyword.WebUiBuiltInKeywords.getUrl(): Current window's url is: 'http://automationpractice.com/index.php?controller=authentication&back=addresses'

2018-09-25 10:05:41 - [MESSAGE][PASSED] - Current window's url is: 'http://automationpractice.com/index.php?controller=authentication&back=addresses'

2018-09-25 10:05:41 - [TEST_STEP][PASSED] - Statement - If (!(currentUrl.equals(url))): Wait for page load successfully

2018-09-25 10:05:41 - [TEST_STEP][PASSED] - navigateToUrl: Navigate to 'http://automationpractice.com/index.php?controller=addresses' successfully

2018-09-25 10:05:42 - [MESSAGE][PASSED] - Navigate to 'http://automationpractice.com/index.php?controller=addresses' successfully

2018-09-25 10:05:42 - [TEST_STEP][PASSED] - waitForPageLoad: Wait for page load successfully

2018-09-25 10:05:42 - [MESSAGE][PASSED] - Wait for page load successfully

2018-09-25 10:05:42 - [TEST_STEP][PASSED] - Statement - Try: Wait for page load successfully

2018-09-25 10:05:42 - [TEST_STEP][PASSED] - verifyTextPresent: Text 'Sign in' is present on page 

2018-09-25 10:05:42 - [MESSAGE][PASSED] - Text 'Sign in' is present on page 

2018-09-25 10:05:42 - [TEST_STEP][PASSED] - click: Object: 'Object Repository/Login/a_Sign in' is clicked on

2018-09-25 10:05:43 - [MESSAGE][PASSED] - Object: 'Object Repository/Login/a_Sign in' is clicked on

2018-09-25 10:05:43 - [TEST_STEP][PASSED] - setText: Text 'bilbo.baggins@middleearth.com' is set on object 'Object Repository/Login/input_email'

2018-09-25 10:05:43 - [MESSAGE][PASSED] - Text 'bilbo.baggins@middleearth.com' is set on object 'Object Repository/Login/input_email'

2018-09-25 10:05:43 - [TEST_STEP][PASSED] - setText: Text 'youshallnotpass' is set on object 'Object Repository/Login/input_passwd'

2018-09-25 10:05:43 - [MESSAGE][PASSED] - Text 'youshallnotpass' is set on object 'Object Repository/Login/input_passwd'

2018-09-25 10:05:43 - [TEST_STEP][PASSED] - click: Object: 'Object Repository/Login/span_Sign in' is clicked on

2018-09-25 10:05:45 - [MESSAGE][PASSED] - Object: 'Object Repository/Login/span_Sign in' is clicked on

2018-09-25 10:05:45 - [TEST_STEP][PASSED] - navigateToUrl: Navigate to 'http://automationpractice.com/index.php?controller=addresses' successfully

2018-09-25 10:05:45 - [MESSAGE][PASSED] - Navigate to 'http://automationpractice.com/index.php?controller=addresses' successfully

2018-09-25 10:05:45 - [TEST_STEP][PASSED] - waitForPageLoad: Wait for page load successfully

2018-09-25 10:05:45 - [MESSAGE][PASSED] - Wait for page load successfully

2018-09-25 10:05:45 - [TEST_STEP][PASSED] - verifyTextPresent: Text 'Sign out' is present on page 

2018-09-25 10:05:45 - [MESSAGE][PASSED] - Text 'Sign out' is present on page 

2018-09-25 10:05:45 - [MESSAGE][PASSED] - Call Test Case 'Test Cases/Common/GoToUrl' successfully

2018-09-25 10:05:45 - [TEST_STEP][PASSED] - Statement - deleteButton = com.kms.katalon.core.webui.keyword.WebUiBuiltInKeywords.modifyObjectProperty(com.kms.katalon.core.testobject.ObjectRepository.findTestObject(Object Repository/Page_Addresses - My Store/span_Delete), "xpath", "equals", "//a[@title='Delete' and ../../li[1]/h3/text()='" + myAlias + "']", true): Modify property of object successfully

2018-09-25 10:05:45 - [MESSAGE][PASSED] - Modify property of object successfully

2018-09-25 10:05:45 - [TEST_STEP][PASSED] - Statement - If (com.kms.katalon.core.webui.keyword.WebUiBuiltInKeywords.waitForElementPresent(deleteButton, 2)): null

2018-09-25 10:05:46 - [MESSAGE][PASSED] - Object 'Object Repository/Page_Addresses - My Store/span_Delete' is present

2018-09-25 10:05:46 - [TEST_STEP][PASSED] - Statement - alias_exists = true: null

2018-09-25 10:05:46 - [TEST_STEP][PASSED] - click: Object: 'Object Repository/Page_Addresses - My Store/span_Add a new address' is clicked on

2018-09-25 10:05:47 - [MESSAGE][PASSED] - Object: 'Object Repository/Page_Addresses - My Store/span_Add a new address' is clicked on

2018-09-25 10:05:47 - [TEST_STEP][PASSED] - setText: Text '5 proudfoot str.' is set on object 'Object Repository/Page_Address - My Store/input__address1'

2018-09-25 10:05:47 - [MESSAGE][PASSED] - Text '5 proudfoot str.' is set on object 'Object Repository/Page_Address - My Store/input__address1'

2018-09-25 10:05:47 - [TEST_STEP][PASSED] - setText: Text 'Hobbitown' is set on object 'Object Repository/Page_Address - My Store/input__city'

2018-09-25 10:05:47 - [MESSAGE][PASSED] - Text 'Hobbitown' is set on object 'Object Repository/Page_Address - My Store/input__city'

2018-09-25 10:05:47 - [TEST_STEP][PASSED] - selectOptionByValue: All options with value '1' are selected in object 'Object Repository/Page_Address - My Store/select_state'  using regular expression

2018-09-25 10:05:47 - [MESSAGE][PASSED] - All options with value '1' are selected in object 'Object Repository/Page_Address - My Store/select_state'  using regular expression

2018-09-25 10:05:47 - [TEST_STEP][PASSED] - setText: Text '42420' is set on object 'Object Repository/Page_Address - My Store/input__postcode'

2018-09-25 10:05:47 - [MESSAGE][PASSED] - Text '42420' is set on object 'Object Repository/Page_Address - My Store/input__postcode'

2018-09-25 10:05:47 - [TEST_STEP][PASSED] - setText: Text '968742556687277' is set on object 'Object Repository/Page_Address - My Store/input__phone_mobile'

2018-09-25 10:05:48 - [MESSAGE][PASSED] - Text '968742556687277' is set on object 'Object Repository/Page_Address - My Store/input__phone_mobile'

2018-09-25 10:05:48 - [TEST_STEP][PASSED] - setText: Text 'Home' is set on object 'Object Repository/Page_Address - My Store/input__alias'

2018-09-25 10:05:48 - [MESSAGE][PASSED] - Text 'Home' is set on object 'Object Repository/Page_Address - My Store/input__alias'

2018-09-25 10:05:48 - [TEST_STEP][PASSED] - click: Object: 'Object Repository/Page_Address - My Store/span_Save' is clicked on

2018-09-25 10:05:49 - [MESSAGE][PASSED] - Object: 'Object Repository/Page_Address - My Store/span_Save' is clicked on

2018-09-25 10:05:49 - [TEST_STEP][PASSED] - Statement - If (alias_exists): Object 'Object Repository/Page_Address - My Store/div_alias_error' is visible

2018-09-25 10:05:49 - [TEST_STEP][PASSED] - waitForElementVisible: Object 'Object Repository/Page_Address - My Store/div_alias_error' is visible

2018-09-25 10:05:49 - [MESSAGE][WARNING] - Timeout '0' is invalid. Using default page load timeout: '5'

2018-09-25 10:05:49 - [MESSAGE][PASSED] - Object 'Object Repository/Page_Address - My Store/div_alias_error' is visible

2018-09-25 10:05:49 - [TEST_STEP][PASSED] - closeBrowser: Browser is closed

2018-09-25 10:05:49 - [MESSAGE][PASSED] - Browser is closed]]></system-out>
         <system-err><![CDATA[]]></system-err>
      </testcase>
      <testcase name="Test Cases/Home/Add address" classname="Test Cases/Home/Add address" status="FAILED">
         <failure type="FAILED" message="(Stack trace: com.kms.katalon.core.exception.StepFailedException: Unable to set text '1 sauron's lair' of object 'Object Repository/Page_Address - My Store/input__address1' (Root cause: com.kms.katalon.core.webui.exception.WebElementNotFoundException: Web element with id: 'Object Repository/Page_Address - My Store/input__address1' located by 'By.xpath: //input[@type = 'text' and @id = 'address1' and @name = 'address1']' not found)
	at com.kms.katalon.core.keyword.internal.KeywordMain.stepFailed(KeywordMain.groovy:36)
	at com.kms.katalon.core.webui.keyword.internal.WebUIKeywordMain.stepFailed(WebUIKeywordMain.groovy:65)
	at com.kms.katalon.core.webui.keyword.internal.WebUIKeywordMain.runKeyword(WebUIKeywordMain.groovy:27)
	at com.kms.katalon.core.webui.keyword.builtin.SetTextKeyword.setText(SetTextKeyword.groovy:65)
	at com.kms.katalon.core.webui.keyword.builtin.SetTextKeyword.execute(SetTextKeyword.groovy:37)
	at com.kms.katalon.core.keyword.internal.KeywordExecutor.executeKeywordForPlatform(KeywordExecutor.groovy:53)
	at com.kms.katalon.core.webui.keyword.WebUiBuiltInKeywords.setText(WebUiBuiltInKeywords.groovy:950)
	at com.kms.katalon.core.webui.keyword.WebUiBuiltInKeywords$setText$6.call(Unknown Source)
	at Script1532948472008.run(Script1532948472008.groovy:38)
	at com.kms.katalon.core.main.ScriptEngine.run(ScriptEngine.java:183)
	at com.kms.katalon.core.main.ScriptEngine.runScriptAsRawText(ScriptEngine.java:108)
	at com.kms.katalon.core.main.TestCaseExecutor.runScript(TestCaseExecutor.java:294)
	at com.kms.katalon.core.main.TestCaseExecutor.doExecute(TestCaseExecutor.java:285)
	at com.kms.katalon.core.main.TestCaseExecutor.processExecutionPhase(TestCaseExecutor.java:264)
	at com.kms.katalon.core.main.TestCaseExecutor.accessMainPhase(TestCaseExecutor.java:256)
	at com.kms.katalon.core.main.TestCaseExecutor.execute(TestCaseExecutor.java:200)
	at com.kms.katalon.core.main.TestSuiteExecutor.accessTestCaseMainPhase(TestSuiteExecutor.java:129)
	at com.kms.katalon.core.main.TestSuiteExecutor.accessTestSuiteMainPhase(TestSuiteExecutor.java:112)
	at com.kms.katalon.core.main.TestSuiteExecutor.execute(TestSuiteExecutor.java:81)
	at com.kms.katalon.core.main.TestCaseMain.startTestSuite(TestCaseMain.java:142)
	at com.kms.katalon.core.main.TestCaseMain$startTestSuite$0.call(Unknown Source)
	at org.codehaus.groovy.runtime.callsite.CallSiteArray.defaultCall(CallSiteArray.java:48)
	at org.codehaus.groovy.runtime.callsite.AbstractCallSite.call(AbstractCallSite.java:113)
	at org.codehaus.groovy.runtime.callsite.AbstractCallSite.call(AbstractCallSite.java:141)
	at TempTestSuite1537862732693.run(TempTestSuite1537862732693.groovy:36)
	at groovy.lang.GroovyShell.runScriptOrMainOrTestOrRunnable(GroovyShell.java:263)
	at groovy.lang.GroovyShell.run(GroovyShell.java:518)
	at groovy.lang.GroovyShell.run(GroovyShell.java:507)
	at groovy.ui.GroovyMain.processOnce(GroovyMain.java:653)
	at groovy.ui.GroovyMain.run(GroovyMain.java:384)
	at groovy.ui.GroovyMain.process(GroovyMain.java:370)
	at groovy.ui.GroovyMain.processArgs(GroovyMain.java:129)
	at groovy.ui.GroovyMain.main(GroovyMain.java:109)
	at sun.reflect.NativeMethodAccessorImpl.invoke0(Native Method)
	at sun.reflect.NativeMethodAccessorImpl.invoke(NativeMethodAccessorImpl.java:62)
	at sun.reflect.DelegatingMethodAccessorImpl.invoke(DelegatingMethodAccessorImpl.java:43)
	at java.lang.reflect.Method.invoke(Method.java:498)
	at org.codehaus.groovy.tools.GroovyStarter.rootLoader(GroovyStarter.java:109)
	at org.codehaus.groovy.tools.GroovyStarter.main(GroovyStarter.java:131)
)"/>
         <system-out><![CDATA[2018-09-25 10:05:51 - [TEST_CASE][FAILED] - Test Cases/Home/Add address: Test Cases/Home/Add address FAILED because (of) (Stack trace: com.kms.katalon.core.exception.StepFailedException: Unable to set text '1 sauron's lair' of object 'Object Repository/Page_Address - My Store/input__address1' (Root cause: com.kms.katalon.core.webui.exception.WebElementNotFoundException: Web element with id: 'Object Repository/Page_Address - My Store/input__address1' located by 'By.xpath: //input[@type = 'text' and @id = 'address1' and @name = 'address1']' not found)
	at com.kms.katalon.core.keyword.internal.KeywordMain.stepFailed(KeywordMain.groovy:36)
	at com.kms.katalon.core.webui.keyword.internal.WebUIKeywordMain.stepFailed(WebUIKeywordMain.groovy:65)
	at com.kms.katalon.core.webui.keyword.internal.WebUIKeywordMain.runKeyword(WebUIKeywordMain.groovy:27)
	at com.kms.katalon.core.webui.keyword.builtin.SetTextKeyword.setText(SetTextKeyword.groovy:65)
	at com.kms.katalon.core.webui.keyword.builtin.SetTextKeyword.execute(SetTextKeyword.groovy:37)
	at com.kms.katalon.core.keyword.internal.KeywordExecutor.executeKeywordForPlatform(KeywordExecutor.groovy:53)
	at com.kms.katalon.core.webui.keyword.WebUiBuiltInKeywords.setText(WebUiBuiltInKeywords.groovy:950)
	at com.kms.katalon.core.webui.keyword.WebUiBuiltInKeywords$setText$6.call(Unknown Source)
	at Script1532948472008.run(Script1532948472008.groovy:38)
	at com.kms.katalon.core.main.ScriptEngine.run(ScriptEngine.java:183)
	at com.kms.katalon.core.main.ScriptEngine.runScriptAsRawText(ScriptEngine.java:108)
	at com.kms.katalon.core.main.TestCaseExecutor.runScript(TestCaseExecutor.java:294)
	at com.kms.katalon.core.main.TestCaseExecutor.doExecute(TestCaseExecutor.java:285)
	at com.kms.katalon.core.main.TestCaseExecutor.processExecutionPhase(TestCaseExecutor.java:264)
	at com.kms.katalon.core.main.TestCaseExecutor.accessMainPhase(TestCaseExecutor.java:256)
	at com.kms.katalon.core.main.TestCaseExecutor.execute(TestCaseExecutor.java:200)
	at com.kms.katalon.core.main.TestSuiteExecutor.accessTestCaseMainPhase(TestSuiteExecutor.java:129)
	at com.kms.katalon.core.main.TestSuiteExecutor.accessTestSuiteMainPhase(TestSuiteExecutor.java:112)
	at com.kms.katalon.core.main.TestSuiteExecutor.execute(TestSuiteExecutor.java:81)
	at com.kms.katalon.core.main.TestCaseMain.startTestSuite(TestCaseMain.java:142)
	at com.kms.katalon.core.main.TestCaseMain$startTestSuite$0.call(Unknown Source)
	at org.codehaus.groovy.runtime.callsite.CallSiteArray.defaultCall(CallSiteArray.java:48)
	at org.codehaus.groovy.runtime.callsite.AbstractCallSite.call(AbstractCallSite.java:113)
	at org.codehaus.groovy.runtime.callsite.AbstractCallSite.call(AbstractCallSite.java:141)
	at TempTestSuite1537862732693.run(TempTestSuite1537862732693.groovy:36)
	at groovy.lang.GroovyShell.runScriptOrMainOrTestOrRunnable(GroovyShell.java:263)
	at groovy.lang.GroovyShell.run(GroovyShell.java:518)
	at groovy.lang.GroovyShell.run(GroovyShell.java:507)
	at groovy.ui.GroovyMain.processOnce(GroovyMain.java:653)
	at groovy.ui.GroovyMain.run(GroovyMain.java:384)
	at groovy.ui.GroovyMain.process(GroovyMain.java:370)
	at groovy.ui.GroovyMain.processArgs(GroovyMain.java:129)
	at groovy.ui.GroovyMain.main(GroovyMain.java:109)
	at sun.reflect.NativeMethodAccessorImpl.invoke0(Native Method)
	at sun.reflect.NativeMethodAccessorImpl.invoke(NativeMethodAccessorImpl.java:62)
	at sun.reflect.DelegatingMethodAccessorImpl.invoke(DelegatingMethodAccessorImpl.java:43)
	at java.lang.reflect.Method.invoke(Method.java:498)
	at org.codehaus.groovy.tools.GroovyStarter.rootLoader(GroovyStarter.java:109)
	at org.codehaus.groovy.tools.GroovyStarter.main(GroovyStarter.java:131)
)

2018-09-25 10:05:51 - [TEST_STEP][PASSED] - Statement - alias_exists = false: null

2018-09-25 10:05:51 - [TEST_STEP][PASSED] - callTestCase: Call Test Case 'Test Cases/Common/GoToUrl' successfully

2018-09-25 10:05:51 - [TEST_CASE][PASSED] - Test Cases/Common/GoToUrl: Test Cases/Common/GoToUrl

2018-09-25 10:05:51 - [TEST_STEP][PASSED] - Statement - currentUrl = "": null

2018-09-25 10:05:51 - [TEST_STEP][FAILED] - Statement - Try: Unable to get the url of the current window (Root cause: com.kms.katalon.core.webui.exception.BrowserNotOpenedException: Browser is not opened
Build info: version: '3.7.1', revision: '8a0099a', time: '2017-11-06T21:07:36.161Z'
System info: host: 'WINIB-PPSA45UJK', ip: '192.168.56.1', os.name: 'Windows 10', os.arch: 'amd64', os.version: '10.0', java.version: '1.8.0_181'
Driver info: driver.version: unknown)

2018-09-25 10:05:51 - [TEST_STEP][FAILED] - Statement - currentUrl = com.kms.katalon.core.webui.keyword.WebUiBuiltInKeywords.getUrl(): Unable to get the url of the current window (Root cause: com.kms.katalon.core.webui.exception.BrowserNotOpenedException: Browser is not opened
Build info: version: '3.7.1', revision: '8a0099a', time: '2017-11-06T21:07:36.161Z'
System info: host: 'WINIB-PPSA45UJK', ip: '192.168.56.1', os.name: 'Windows 10', os.arch: 'amd64', os.version: '10.0', java.version: '1.8.0_181'
Driver info: driver.version: unknown)

2018-09-25 10:05:51 - [MESSAGE][WARNING] - Cannot take screenshot

2018-09-25 10:05:51 - [MESSAGE][FAILED] - Unable to get the url of the current window (Root cause: com.kms.katalon.core.webui.exception.BrowserNotOpenedException: Browser is not opened
Build info: version: '3.7.1', revision: '8a0099a', time: '2017-11-06T21:07:36.161Z'
System info: host: 'WINIB-PPSA45UJK', ip: '192.168.56.1', os.name: 'Windows 10', os.arch: 'amd64', os.version: '10.0', java.version: '1.8.0_181'
Driver info: driver.version: unknown)

2018-09-25 10:05:51 - [TEST_STEP][PASSED] - Statement - Catch (com.kms.katalon.core.exception.StepFailedException e): Current window's url is: 'http://automationpractice.com/index.php?controller=authentication&back=addresses'

2018-09-25 10:05:51 - [TEST_STEP][PASSED] - openBrowser: Browser is opened with url: 'http://automationpractice.com/index.php?controller=addresses'

2018-09-25 10:05:57 - [MESSAGE][PASSED] - Browser is opened with url: 'http://automationpractice.com/index.php?controller=addresses'

2018-09-25 10:05:57 - [TEST_STEP][PASSED] - maximizeWindow: Current window maximized

2018-09-25 10:05:58 - [MESSAGE][PASSED] - Current window maximized

2018-09-25 10:05:58 - [TEST_STEP][PASSED] - Statement - currentUrl = com.kms.katalon.core.webui.keyword.WebUiBuiltInKeywords.getUrl(): Current window's url is: 'http://automationpractice.com/index.php?controller=authentication&back=addresses'

2018-09-25 10:05:58 - [MESSAGE][PASSED] - Current window's url is: 'http://automationpractice.com/index.php?controller=authentication&back=addresses'

2018-09-25 10:05:58 - [TEST_STEP][PASSED] - Statement - If (!(currentUrl.equals(url))): Wait for page load successfully

2018-09-25 10:05:58 - [TEST_STEP][PASSED] - navigateToUrl: Navigate to 'http://automationpractice.com/index.php?controller=addresses' successfully

2018-09-25 10:05:59 - [MESSAGE][PASSED] - Navigate to 'http://automationpractice.com/index.php?controller=addresses' successfully

2018-09-25 10:05:59 - [TEST_STEP][PASSED] - waitForPageLoad: Wait for page load successfully

2018-09-25 10:05:59 - [MESSAGE][PASSED] - Wait for page load successfully

2018-09-25 10:05:59 - [TEST_STEP][PASSED] - Statement - Try: Wait for page load successfully

2018-09-25 10:05:59 - [TEST_STEP][PASSED] - verifyTextPresent: Text 'Sign in' is present on page 

2018-09-25 10:05:59 - [MESSAGE][PASSED] - Text 'Sign in' is present on page 

2018-09-25 10:05:59 - [TEST_STEP][PASSED] - click: Object: 'Object Repository/Login/a_Sign in' is clicked on

2018-09-25 10:06:01 - [MESSAGE][PASSED] - Object: 'Object Repository/Login/a_Sign in' is clicked on

2018-09-25 10:06:01 - [TEST_STEP][PASSED] - setText: Text 'bilbo.baggins@middleearth.com' is set on object 'Object Repository/Login/input_email'

2018-09-25 10:06:01 - [MESSAGE][PASSED] - Text 'bilbo.baggins@middleearth.com' is set on object 'Object Repository/Login/input_email'

2018-09-25 10:06:01 - [TEST_STEP][PASSED] - setText: Text 'youshallnotpass' is set on object 'Object Repository/Login/input_passwd'

2018-09-25 10:06:01 - [MESSAGE][PASSED] - Text 'youshallnotpass' is set on object 'Object Repository/Login/input_passwd'

2018-09-25 10:06:01 - [TEST_STEP][PASSED] - click: Object: 'Object Repository/Login/span_Sign in' is clicked on

2018-09-25 10:06:02 - [MESSAGE][PASSED] - Object: 'Object Repository/Login/span_Sign in' is clicked on

2018-09-25 10:06:02 - [TEST_STEP][PASSED] - navigateToUrl: Navigate to 'http://automationpractice.com/index.php?controller=addresses' successfully

2018-09-25 10:06:03 - [MESSAGE][PASSED] - Navigate to 'http://automationpractice.com/index.php?controller=addresses' successfully

2018-09-25 10:06:03 - [TEST_STEP][PASSED] - waitForPageLoad: Wait for page load successfully

2018-09-25 10:06:03 - [MESSAGE][PASSED] - Wait for page load successfully

2018-09-25 10:06:03 - [TEST_STEP][PASSED] - verifyTextPresent: Text 'Sign out' is present on page 

2018-09-25 10:06:03 - [MESSAGE][PASSED] - Text 'Sign out' is present on page 

2018-09-25 10:06:03 - [MESSAGE][PASSED] - Call Test Case 'Test Cases/Common/GoToUrl' successfully

2018-09-25 10:06:03 - [TEST_STEP][PASSED] - Statement - deleteButton = com.kms.katalon.core.webui.keyword.WebUiBuiltInKeywords.modifyObjectProperty(com.kms.katalon.core.testobject.ObjectRepository.findTestObject(Object Repository/Page_Addresses - My Store/span_Delete), "xpath", "equals", "//a[@title='Delete' and ../../li[1]/h3/text()='" + myAlias + "']", true): Modify property of object successfully

2018-09-25 10:06:03 - [MESSAGE][PASSED] - Modify property of object successfully

2018-09-25 10:06:03 - [TEST_STEP][PASSED] - Statement - If (com.kms.katalon.core.webui.keyword.WebUiBuiltInKeywords.waitForElementPresent(deleteButton, 2)): null

2018-09-25 10:06:03 - [MESSAGE][PASSED] - Object 'Object Repository/Page_Addresses - My Store/span_Delete' is present

2018-09-25 10:06:03 - [TEST_STEP][PASSED] - Statement - alias_exists = true: null

2018-09-25 10:06:03 - [TEST_STEP][PASSED] - click: Object: 'Object Repository/Page_Addresses - My Store/span_Add a new address' is clicked on

2018-09-25 10:06:04 - [MESSAGE][PASSED] - Object: 'Object Repository/Page_Addresses - My Store/span_Add a new address' is clicked on

2018-09-25 10:06:04 - [TEST_STEP][FAILED] - setText: Unable to set text '1 sauron's lair' of object 'Object Repository/Page_Address - My Store/input__address1' (Root cause: com.kms.katalon.core.webui.exception.WebElementNotFoundException: Web element with id: 'Object Repository/Page_Address - My Store/input__address1' located by 'By.xpath: //input[@type = 'text' and @id = 'address1' and @name = 'address1']' not found)

2018-09-25 10:06:09 - [MESSAGE][FAILED] - Unable to set text '1 sauron's lair' of object 'Object Repository/Page_Address - My Store/input__address1' (Root cause: com.kms.katalon.core.webui.exception.WebElementNotFoundException: Web element with id: 'Object Repository/Page_Address - My Store/input__address1' located by 'By.xpath: //input[@type = 'text' and @id = 'address1' and @name = 'address1']' not found)
[[ATTACHMENT|C:\\Users\\stagiaire\\git\\katalon_exam_myFiles\\Reports\\Add addresses\\20180925_100528\\1537862769596.png]]]]></system-out>
         <system-err><![CDATA[2018-09-25 10:05:51 - [TEST_CASE][FAILED] - Test Cases/Home/Add address: Test Cases/Home/Add address FAILED because (of) (Stack trace: com.kms.katalon.core.exception.StepFailedException: Unable to set text '1 sauron's lair' of object 'Object Repository/Page_Address - My Store/input__address1' (Root cause: com.kms.katalon.core.webui.exception.WebElementNotFoundException: Web element with id: 'Object Repository/Page_Address - My Store/input__address1' located by 'By.xpath: //input[@type = 'text' and @id = 'address1' and @name = 'address1']' not found)
	at com.kms.katalon.core.keyword.internal.KeywordMain.stepFailed(KeywordMain.groovy:36)
	at com.kms.katalon.core.webui.keyword.internal.WebUIKeywordMain.stepFailed(WebUIKeywordMain.groovy:65)
	at com.kms.katalon.core.webui.keyword.internal.WebUIKeywordMain.runKeyword(WebUIKeywordMain.groovy:27)
	at com.kms.katalon.core.webui.keyword.builtin.SetTextKeyword.setText(SetTextKeyword.groovy:65)
	at com.kms.katalon.core.webui.keyword.builtin.SetTextKeyword.execute(SetTextKeyword.groovy:37)
	at com.kms.katalon.core.keyword.internal.KeywordExecutor.executeKeywordForPlatform(KeywordExecutor.groovy:53)
	at com.kms.katalon.core.webui.keyword.WebUiBuiltInKeywords.setText(WebUiBuiltInKeywords.groovy:950)
	at com.kms.katalon.core.webui.keyword.WebUiBuiltInKeywords$setText$6.call(Unknown Source)
	at Script1532948472008.run(Script1532948472008.groovy:38)
	at com.kms.katalon.core.main.ScriptEngine.run(ScriptEngine.java:183)
	at com.kms.katalon.core.main.ScriptEngine.runScriptAsRawText(ScriptEngine.java:108)
	at com.kms.katalon.core.main.TestCaseExecutor.runScript(TestCaseExecutor.java:294)
	at com.kms.katalon.core.main.TestCaseExecutor.doExecute(TestCaseExecutor.java:285)
	at com.kms.katalon.core.main.TestCaseExecutor.processExecutionPhase(TestCaseExecutor.java:264)
	at com.kms.katalon.core.main.TestCaseExecutor.accessMainPhase(TestCaseExecutor.java:256)
	at com.kms.katalon.core.main.TestCaseExecutor.execute(TestCaseExecutor.java:200)
	at com.kms.katalon.core.main.TestSuiteExecutor.accessTestCaseMainPhase(TestSuiteExecutor.java:129)
	at com.kms.katalon.core.main.TestSuiteExecutor.accessTestSuiteMainPhase(TestSuiteExecutor.java:112)
	at com.kms.katalon.core.main.TestSuiteExecutor.execute(TestSuiteExecutor.java:81)
	at com.kms.katalon.core.main.TestCaseMain.startTestSuite(TestCaseMain.java:142)
	at com.kms.katalon.core.main.TestCaseMain$startTestSuite$0.call(Unknown Source)
	at org.codehaus.groovy.runtime.callsite.CallSiteArray.defaultCall(CallSiteArray.java:48)
	at org.codehaus.groovy.runtime.callsite.AbstractCallSite.call(AbstractCallSite.java:113)
	at org.codehaus.groovy.runtime.callsite.AbstractCallSite.call(AbstractCallSite.java:141)
	at TempTestSuite1537862732693.run(TempTestSuite1537862732693.groovy:36)
	at groovy.lang.GroovyShell.runScriptOrMainOrTestOrRunnable(GroovyShell.java:263)
	at groovy.lang.GroovyShell.run(GroovyShell.java:518)
	at groovy.lang.GroovyShell.run(GroovyShell.java:507)
	at groovy.ui.GroovyMain.processOnce(GroovyMain.java:653)
	at groovy.ui.GroovyMain.run(GroovyMain.java:384)
	at groovy.ui.GroovyMain.process(GroovyMain.java:370)
	at groovy.ui.GroovyMain.processArgs(GroovyMain.java:129)
	at groovy.ui.GroovyMain.main(GroovyMain.java:109)
	at sun.reflect.NativeMethodAccessorImpl.invoke0(Native Method)
	at sun.reflect.NativeMethodAccessorImpl.invoke(NativeMethodAccessorImpl.java:62)
	at sun.reflect.DelegatingMethodAccessorImpl.invoke(DelegatingMethodAccessorImpl.java:43)
	at java.lang.reflect.Method.invoke(Method.java:498)
	at org.codehaus.groovy.tools.GroovyStarter.rootLoader(GroovyStarter.java:109)
	at org.codehaus.groovy.tools.GroovyStarter.main(GroovyStarter.java:131)
)]]></system-err>
      </testcase>
      <system-out><![CDATA[2018-09-25 10:05:33 - [TEST_SUITE][FAILED] - Add addresses: Test Cases/Home/Add address FAILED because (of) (Stack trace: com.kms.katalon.core.exception.StepFailedException: Unable to set text '1 sauron's lair' of object 'Object Repository/Page_Address - My Store/input__address1' (Root cause: com.kms.katalon.core.webui.exception.WebElementNotFoundException: Web element with id: 'Object Repository/Page_Address - My Store/input__address1' located by 'By.xpath: //input[@type = 'text' and @id = 'address1' and @name = 'address1']' not found)
	at com.kms.katalon.core.keyword.internal.KeywordMain.stepFailed(KeywordMain.groovy:36)
	at com.kms.katalon.core.webui.keyword.internal.WebUIKeywordMain.stepFailed(WebUIKeywordMain.groovy:65)
	at com.kms.katalon.core.webui.keyword.internal.WebUIKeywordMain.runKeyword(WebUIKeywordMain.groovy:27)
	at com.kms.katalon.core.webui.keyword.builtin.SetTextKeyword.setText(SetTextKeyword.groovy:65)
	at com.kms.katalon.core.webui.keyword.builtin.SetTextKeyword.execute(SetTextKeyword.groovy:37)
	at com.kms.katalon.core.keyword.internal.KeywordExecutor.executeKeywordForPlatform(KeywordExecutor.groovy:53)
	at com.kms.katalon.core.webui.keyword.WebUiBuiltInKeywords.setText(WebUiBuiltInKeywords.groovy:950)
	at com.kms.katalon.core.webui.keyword.WebUiBuiltInKeywords$setText$6.call(Unknown Source)
	at Script1532948472008.run(Script1532948472008.groovy:38)
	at com.kms.katalon.core.main.ScriptEngine.run(ScriptEngine.java:183)
	at com.kms.katalon.core.main.ScriptEngine.runScriptAsRawText(ScriptEngine.java:108)
	at com.kms.katalon.core.main.TestCaseExecutor.runScript(TestCaseExecutor.java:294)
	at com.kms.katalon.core.main.TestCaseExecutor.doExecute(TestCaseExecutor.java:285)
	at com.kms.katalon.core.main.TestCaseExecutor.processExecutionPhase(TestCaseExecutor.java:264)
	at com.kms.katalon.core.main.TestCaseExecutor.accessMainPhase(TestCaseExecutor.java:256)
	at com.kms.katalon.core.main.TestCaseExecutor.execute(TestCaseExecutor.java:200)
	at com.kms.katalon.core.main.TestSuiteExecutor.accessTestCaseMainPhase(TestSuiteExecutor.java:129)
	at com.kms.katalon.core.main.TestSuiteExecutor.accessTestSuiteMainPhase(TestSuiteExecutor.java:112)
	at com.kms.katalon.core.main.TestSuiteExecutor.execute(TestSuiteExecutor.java:81)
	at com.kms.katalon.core.main.TestCaseMain.startTestSuite(TestCaseMain.java:142)
	at com.kms.katalon.core.main.TestCaseMain$startTestSuite$0.call(Unknown Source)
	at org.codehaus.groovy.runtime.callsite.CallSiteArray.defaultCall(CallSiteArray.java:48)
	at org.codehaus.groovy.runtime.callsite.AbstractCallSite.call(AbstractCallSite.java:113)
	at org.codehaus.groovy.runtime.callsite.AbstractCallSite.call(AbstractCallSite.java:141)
	at TempTestSuite1537862732693.run(TempTestSuite1537862732693.groovy:36)
	at groovy.lang.GroovyShell.runScriptOrMainOrTestOrRunnable(GroovyShell.java:263)
	at groovy.lang.GroovyShell.run(GroovyShell.java:518)
	at groovy.lang.GroovyShell.run(GroovyShell.java:507)
	at groovy.ui.GroovyMain.processOnce(GroovyMain.java:653)
	at groovy.ui.GroovyMain.run(GroovyMain.java:384)
	at groovy.ui.GroovyMain.process(GroovyMain.java:370)
	at groovy.ui.GroovyMain.processArgs(GroovyMain.java:129)
	at groovy.ui.GroovyMain.main(GroovyMain.java:109)
	at sun.reflect.NativeMethodAccessorImpl.invoke0(Native Method)
	at sun.reflect.NativeMethodAccessorImpl.invoke(NativeMethodAccessorImpl.java:62)
	at sun.reflect.DelegatingMethodAccessorImpl.invoke(DelegatingMethodAccessorImpl.java:43)
	at java.lang.reflect.Method.invoke(Method.java:498)
	at org.codehaus.groovy.tools.GroovyStarter.rootLoader(GroovyStarter.java:109)
	at org.codehaus.groovy.tools.GroovyStarter.main(GroovyStarter.java:131)
)]]></system-out>
      <system-err><![CDATA[2018-09-25 10:05:33 - [TEST_SUITE][FAILED] - Add addresses: Test Cases/Home/Add address FAILED because (of) (Stack trace: com.kms.katalon.core.exception.StepFailedException: Unable to set text '1 sauron's lair' of object 'Object Repository/Page_Address - My Store/input__address1' (Root cause: com.kms.katalon.core.webui.exception.WebElementNotFoundException: Web element with id: 'Object Repository/Page_Address - My Store/input__address1' located by 'By.xpath: //input[@type = 'text' and @id = 'address1' and @name = 'address1']' not found)
	at com.kms.katalon.core.keyword.internal.KeywordMain.stepFailed(KeywordMain.groovy:36)
	at com.kms.katalon.core.webui.keyword.internal.WebUIKeywordMain.stepFailed(WebUIKeywordMain.groovy:65)
	at com.kms.katalon.core.webui.keyword.internal.WebUIKeywordMain.runKeyword(WebUIKeywordMain.groovy:27)
	at com.kms.katalon.core.webui.keyword.builtin.SetTextKeyword.setText(SetTextKeyword.groovy:65)
	at com.kms.katalon.core.webui.keyword.builtin.SetTextKeyword.execute(SetTextKeyword.groovy:37)
	at com.kms.katalon.core.keyword.internal.KeywordExecutor.executeKeywordForPlatform(KeywordExecutor.groovy:53)
	at com.kms.katalon.core.webui.keyword.WebUiBuiltInKeywords.setText(WebUiBuiltInKeywords.groovy:950)
	at com.kms.katalon.core.webui.keyword.WebUiBuiltInKeywords$setText$6.call(Unknown Source)
	at Script1532948472008.run(Script1532948472008.groovy:38)
	at com.kms.katalon.core.main.ScriptEngine.run(ScriptEngine.java:183)
	at com.kms.katalon.core.main.ScriptEngine.runScriptAsRawText(ScriptEngine.java:108)
	at com.kms.katalon.core.main.TestCaseExecutor.runScript(TestCaseExecutor.java:294)
	at com.kms.katalon.core.main.TestCaseExecutor.doExecute(TestCaseExecutor.java:285)
	at com.kms.katalon.core.main.TestCaseExecutor.processExecutionPhase(TestCaseExecutor.java:264)
	at com.kms.katalon.core.main.TestCaseExecutor.accessMainPhase(TestCaseExecutor.java:256)
	at com.kms.katalon.core.main.TestCaseExecutor.execute(TestCaseExecutor.java:200)
	at com.kms.katalon.core.main.TestSuiteExecutor.accessTestCaseMainPhase(TestSuiteExecutor.java:129)
	at com.kms.katalon.core.main.TestSuiteExecutor.accessTestSuiteMainPhase(TestSuiteExecutor.java:112)
	at com.kms.katalon.core.main.TestSuiteExecutor.execute(TestSuiteExecutor.java:81)
	at com.kms.katalon.core.main.TestCaseMain.startTestSuite(TestCaseMain.java:142)
	at com.kms.katalon.core.main.TestCaseMain$startTestSuite$0.call(Unknown Source)
	at org.codehaus.groovy.runtime.callsite.CallSiteArray.defaultCall(CallSiteArray.java:48)
	at org.codehaus.groovy.runtime.callsite.AbstractCallSite.call(AbstractCallSite.java:113)
	at org.codehaus.groovy.runtime.callsite.AbstractCallSite.call(AbstractCallSite.java:141)
	at TempTestSuite1537862732693.run(TempTestSuite1537862732693.groovy:36)
	at groovy.lang.GroovyShell.runScriptOrMainOrTestOrRunnable(GroovyShell.java:263)
	at groovy.lang.GroovyShell.run(GroovyShell.java:518)
	at groovy.lang.GroovyShell.run(GroovyShell.java:507)
	at groovy.ui.GroovyMain.processOnce(GroovyMain.java:653)
	at groovy.ui.GroovyMain.run(GroovyMain.java:384)
	at groovy.ui.GroovyMain.process(GroovyMain.java:370)
	at groovy.ui.GroovyMain.processArgs(GroovyMain.java:129)
	at groovy.ui.GroovyMain.main(GroovyMain.java:109)
	at sun.reflect.NativeMethodAccessorImpl.invoke0(Native Method)
	at sun.reflect.NativeMethodAccessorImpl.invoke(NativeMethodAccessorImpl.java:62)
	at sun.reflect.DelegatingMethodAccessorImpl.invoke(DelegatingMethodAccessorImpl.java:43)
	at java.lang.reflect.Method.invoke(Method.java:498)
	at org.codehaus.groovy.tools.GroovyStarter.rootLoader(GroovyStarter.java:109)
	at org.codehaus.groovy.tools.GroovyStarter.main(GroovyStarter.java:131)
)]]></system-err>
   </testsuite>
</testsuites>
